<?xml version="1.0" encoding="UTF-8"?>
<!-- Generated by org.testng.reporters.JUnitReportReporter -->
<testsuite hostname="NTS-GaneshKa" failures="0" tests="1" name="demopackage.DemoAPI" time="1.394" errors="0" timestamp="2022-02-15T12:41:51 IST" skipped="0">
  <testcase classname="demopackage.DemoAPI" name="getweatherDetails" time="1.394"/>
  <system-out/>
</testsuite> <!-- demopackage.DemoAPI -->
