<?xml version="1.0" encoding="UTF-8"?>
<!-- Generated by org.testng.reporters.JUnitReportReporter -->
<testsuite hostname="NTS-GaneshKa" failures="0" tests="1" name="demopackage.NewTest" time="2.344" errors="0" timestamp="2022-02-15T11:40:25 IST" skipped="0">
  <testcase classname="demopackage.NewTest" name="RegistrationSuccessful" time="2.344"/>
  <system-out/>
</testsuite> <!-- demopackage.NewTest -->
