<?xml version="1.0" encoding="UTF-8"?>
<!-- Generated by org.testng.reporters.JUnitReportReporter -->
<testsuite hostname="NTS-GaneshKa" failures="0" tests="1" name="demopackage.DemoAPI" time="1.759" errors="0" timestamp="2022-02-14T23:03:34 IST" skipped="0">
  <testcase classname="demopackage.DemoAPI" name="getweatherDetails" time="1.759"/>
  <system-out/>
</testsuite> <!-- demopackage.DemoAPI -->
